# JRE version: OpenJDK Runtime Environment (21.0.5) (build 21.0.5+-13047016-b750.29)
# Java VM: OpenJDK 64-Bit Server VM (21.0.5+-13047016-b750.29, mixed mode, tiered, compressed oops, compressed class ptrs, g1 gc, windows-amd64)
GC Precious Log:
 CardTable entry size: 512
 Card Set container configuration: InlinePtr #cards 4 size 8 Array Of Cards #cards 32 size 80 Howl #buckets 8 coarsen threshold 7372 Howl Bitmap #cards 1024 size 144 coarsen threshold 921 Card regions per heap region 1 cards per card region 8192
 CPUs: 4 total, 4 available
 Memory: 4095M
 Large Page Support: Disabled
 NUMA Support: Disabled
 Compressed Oops: Enabled (Zero based)
 Heap Region Size: 4M
 Heap Min Capacity: 8M
 Heap Initial Capacity: 64M
 Heap Max Capacity: 8G
 Pre-touch: Disabled
 Parallel Workers: 4
 Concurrent Workers: 1
 Concurrent Refinement Workers: 4
 Periodic GC: Disabled
Heap:
 garbage-first heap   total 1691648K, used 653012K [0x0000000600000000, 0x0000000800000000)
  region size 4096K, 24 young (98304K), 24 survivors (98304K)
 Metaspace       used 176393K, committed 179136K, reserved 1245184K
  class space    used 23513K, committed 24832K, reserved 1048576K
GC Heap History (20 events):
Event: 85.834 GC heap after
{Heap after GC invocations=96 (full 0):
 garbage-first heap   total 1691648K, used 574812K [0x0000000600000000, 0x0000000800000000)
  region size 4096K, 16 young (65536K), 16 survivors (65536K)
 Metaspace       used 169593K, committed 172352K, reserved 1245184K
  class space    used 22672K, committed 24000K, reserved 1048576K
}
Event: 86.908 GC heap before
{Heap before GC invocations=96 (full 0):
 garbage-first heap   total 1691648K, used 1520988K [0x0000000600000000, 0x0000000800000000)
  region size 4096K, 247 young (1011712K), 16 survivors (65536K)
 Metaspace       used 169600K, committed 172352K, reserved 1245184K
  class space    used 22672K, committed 24000K, reserved 1048576K
}
Event: 86.942 GC heap after
{Heap after GC invocations=97 (full 0):
 garbage-first heap   total 1691648K, used 576860K [0x0000000600000000, 0x0000000800000000)
  region size 4096K, 17 young (69632K), 17 survivors (69632K)
 Metaspace       used 169600K, committed 172352K, reserved 1245184K
  class space    used 22672K, committed 24000K, reserved 1048576K
}
Event: 87.886 GC heap before
{Heap before GC invocations=97 (full 0):
 garbage-first heap   total 1691648K, used 1518940K [0x0000000600000000, 0x0000000800000000)
  region size 4096K, 247 young (1011712K), 17 survivors (69632K)
 Metaspace       used 169611K, committed 172352K, reserved 1245184K
  class space    used 22673K, committed 24000K, reserved 1048576K
}
Event: 87.921 GC heap after
{Heap after GC invocations=98 (full 0):
 garbage-first heap   total 1691648K, used 576860K [0x0000000600000000, 0x0000000800000000)
  region size 4096K, 17 young (69632K), 17 survivors (69632K)
 Metaspace       used 169611K, committed 172352K, reserved 1245184K
  class space    used 22673K, committed 24000K, reserved 1048576K
}
Event: 88.925 GC heap before
{Heap before GC invocations=98 (full 0):
 garbage-first heap   total 1691648K, used 1518940K [0x0000000600000000, 0x0000000800000000)
  region size 4096K, 247 young (1011712K), 17 survivors (69632K)
 Metaspace       used 169616K, committed 172352K, reserved 1245184K
  class space    used 22673K, committed 24000K, reserved 1048576K
}
Event: 88.959 GC heap after
{Heap after GC invocations=99 (full 0):
 garbage-first heap   total 1691648K, used 578105K [0x0000000600000000, 0x0000000800000000)
  region size 4096K, 16 young (65536K), 16 survivors (65536K)
 Metaspace       used 169616K, committed 172352K, reserved 1245184K
  class space    used 22673K, committed 24000K, reserved 1048576K
}
Event: 91.022 GC heap before
{Heap before GC invocations=99 (full 0):
 garbage-first heap   total 1691648K, used 1520185K [0x0000000600000000, 0x0000000800000000)
  region size 4096K, 247 young (1011712K), 16 survivors (65536K)
 Metaspace       used 169904K, committed 172608K, reserved 1245184K
  class space    used 22713K, committed 24000K, reserved 1048576K
}
Event: 91.067 GC heap after
{Heap after GC invocations=100 (full 0):
 garbage-first heap   total 1691648K, used 596537K [0x0000000600000000, 0x0000000800000000)
  region size 4096K, 21 young (86016K), 21 survivors (86016K)
 Metaspace       used 169904K, committed 172608K, reserved 1245184K
  class space    used 22713K, committed 24000K, reserved 1048576K
}
Event: 94.176 GC heap before
{Heap before GC invocations=100 (full 0):
 garbage-first heap   total 1691648K, used 1509945K [0x0000000600000000, 0x0000000800000000)
  region size 4096K, 244 young (999424K), 21 survivors (86016K)
 Metaspace       used 172132K, committed 174848K, reserved 1245184K
  class space    used 23024K, committed 24320K, reserved 1048576K
}
Event: 94.238 GC heap after
{Heap after GC invocations=101 (full 0):
 garbage-first heap   total 1691648K, used 603519K [0x0000000600000000, 0x0000000800000000)
  region size 4096K, 18 young (73728K), 18 survivors (73728K)
 Metaspace       used 172132K, committed 174848K, reserved 1245184K
  class space    used 23024K, committed 24320K, reserved 1048576K
}
Event: 96.291 GC heap before
{Heap before GC invocations=101 (full 0):
 garbage-first heap   total 1691648K, used 1525119K [0x0000000600000000, 0x0000000800000000)
  region size 4096K, 243 young (995328K), 18 survivors (73728K)
 Metaspace       used 172741K, committed 175488K, reserved 1245184K
  class space    used 23094K, committed 24384K, reserved 1048576K
}
Event: 96.347 GC heap after
{Heap after GC invocations=102 (full 0):
 garbage-first heap   total 1691648K, used 604382K [0x0000000600000000, 0x0000000800000000)
  region size 4096K, 15 young (61440K), 15 survivors (61440K)
 Metaspace       used 172741K, committed 175488K, reserved 1245184K
  class space    used 23094K, committed 24384K, reserved 1048576K
}
Event: 98.663 GC heap before
{Heap before GC invocations=102 (full 0):
 garbage-first heap   total 1691648K, used 1538270K [0x0000000600000000, 0x0000000800000000)
  region size 4096K, 243 young (995328K), 15 survivors (61440K)
 Metaspace       used 174845K, committed 177600K, reserved 1245184K
  class space    used 23316K, committed 24640K, reserved 1048576K
}
Event: 98.710 GC heap after
{Heap after GC invocations=103 (full 0):
 garbage-first heap   total 1691648K, used 608478K [0x0000000600000000, 0x0000000800000000)
  region size 4096K, 16 young (65536K), 16 survivors (65536K)
 Metaspace       used 174845K, committed 177600K, reserved 1245184K
  class space    used 23316K, committed 24640K, reserved 1048576K
}
Event: 99.916 GC heap before
{Heap before GC invocations=103 (full 0):
 garbage-first heap   total 1691648K, used 1534174K [0x0000000600000000, 0x0000000800000000)
  region size 4096K, 242 young (991232K), 16 survivors (65536K)
 Metaspace       used 174895K, committed 177664K, reserved 1245184K
  class space    used 23320K, committed 24640K, reserved 1048576K
}
Event: 99.957 GC heap after
{Heap after GC invocations=104 (full 0):
 garbage-first heap   total 1691648K, used 612574K [0x0000000600000000, 0x0000000800000000)
  region size 4096K, 17 young (69632K), 17 survivors (69632K)
 Metaspace       used 174895K, committed 177664K, reserved 1245184K
  class space    used 23320K, committed 24640K, reserved 1048576K
}
Event: 101.148 GC heap before
{Heap before GC invocations=104 (full 0):
 garbage-first heap   total 1691648K, used 1525982K [0x0000000600000000, 0x0000000800000000)
  region size 4096K, 241 young (987136K), 17 survivors (69632K)
 Metaspace       used 174918K, committed 177664K, reserved 1245184K
  class space    used 23320K, committed 24640K, reserved 1048576K
}
Event: 101.190 GC heap after
{Heap after GC invocations=105 (full 0):
 garbage-first heap   total 1691648K, used 615724K [0x0000000600000000, 0x0000000800000000)
  region size 4096K, 17 young (69632K), 17 survivors (69632K)
 Metaspace       used 174918K, committed 177664K, reserved 1245184K
  class space    used 23320K, committed 24640K, reserved 1048576K
}
Event: 103.463 GC heap before
{Heap before GC invocations=105 (full 0):
 garbage-first heap   total 1691648K, used 1529132K [0x0000000600000000, 0x0000000800000000)
  region size 4096K, 240 young (983040K), 17 survivors (69632K)
 Metaspace       used 176393K, committed 179136K, reserved 1245184K
  class space    used 23513K, committed 24832K, reserved 1048576K
}

