# JRE version: OpenJDK Runtime Environment (21.0.5) (build 21.0.5+-13047016-b750.29)
# Java VM: OpenJDK 64-Bit Server VM (21.0.5+-13047016-b750.29, mixed mode, tiered, compressed oops, compressed class ptrs, g1 gc, windows-amd64)
GC Precious Log:
 CardTable entry size: 512
 Card Set container configuration: InlinePtr #cards 4 size 8 Array Of Cards #cards 32 size 80 Howl #buckets 8 coarsen threshold 7372 Howl Bitmap #cards 1024 size 144 coarsen threshold 921 Card regions per heap region 1 cards per card region 8192
 CPUs: 4 total, 4 available
 Memory: 4095M
 Large Page Support: Disabled
 NUMA Support: Disabled
 Compressed Oops: Enabled (Zero based)
 Heap Region Size: 4M
 Heap Min Capacity: 8M
 Heap Initial Capacity: 64M
 Heap Max Capacity: 8G
 Pre-touch: Disabled
 Parallel Workers: 4
 Concurrent Workers: 1
 Concurrent Refinement Workers: 4
 Periodic GC: Disabled
Heap:
 garbage-first heap   total 1937408K, used 627220K [0x0000000600000000, 0x0000000800000000)
  region size 4096K, 18 young (73728K), 18 survivors (73728K)
 Metaspace       used 296311K, committed 299776K, reserved 1310720K
  class space    used 37566K, committed 39232K, reserved 1048576K
GC Heap History (20 events):
Event: 135.689 GC heap after
{Heap after GC invocations=124 (full 0):
 garbage-first heap   total 1937408K, used 604036K [0x0000000600000000, 0x0000000800000000)
  region size 4096K, 16 young (65536K), 16 survivors (65536K)
 Metaspace       used 288367K, committed 291840K, reserved 1310720K
  class space    used 36581K, committed 38272K, reserved 1048576K
}
Event: 139.060 GC heap before
{Heap before GC invocations=124 (full 0):
 garbage-first heap   total 1937408K, used 1697668K [0x0000000600000000, 0x0000000800000000)
  region size 4096K, 283 young (1159168K), 16 survivors (65536K)
 Metaspace       used 290795K, committed 294272K, reserved 1310720K
  class space    used 36905K, committed 38592K, reserved 1048576K
}
Event: 139.116 GC heap after
{Heap after GC invocations=125 (full 0):
 garbage-first heap   total 1937408K, used 636804K [0x0000000600000000, 0x0000000800000000)
  region size 4096K, 24 young (98304K), 24 survivors (98304K)
 Metaspace       used 290795K, committed 294272K, reserved 1310720K
  class space    used 36905K, committed 38592K, reserved 1048576K
}
Event: 143.281 GC heap before
{Heap before GC invocations=126 (full 0):
 garbage-first heap   total 1937408K, used 1697668K [0x0000000600000000, 0x0000000800000000)
  region size 4096K, 283 young (1159168K), 24 survivors (98304K)
 Metaspace       used 290968K, committed 294400K, reserved 1310720K
  class space    used 36921K, committed 38592K, reserved 1048576K
}
Event: 143.351 GC heap after
{Heap after GC invocations=127 (full 0):
 garbage-first heap   total 1937408K, used 609749K [0x0000000600000000, 0x0000000800000000)
  region size 4096K, 14 young (57344K), 14 survivors (57344K)
 Metaspace       used 290968K, committed 294400K, reserved 1310720K
  class space    used 36921K, committed 38592K, reserved 1048576K
}
Event: 144.610 GC heap before
{Heap before GC invocations=127 (full 0):
 garbage-first heap   total 1937408K, used 1711573K [0x0000000600000000, 0x0000000800000000)
  region size 4096K, 283 young (1159168K), 14 survivors (57344K)
 Metaspace       used 290991K, committed 294464K, reserved 1310720K
  class space    used 36921K, committed 38592K, reserved 1048576K
}
Event: 144.661 GC heap after
{Heap after GC invocations=128 (full 0):
 garbage-first heap   total 1937408K, used 588978K [0x0000000600000000, 0x0000000800000000)
  region size 4096K, 14 young (57344K), 14 survivors (57344K)
 Metaspace       used 290991K, committed 294464K, reserved 1310720K
  class space    used 36921K, committed 38592K, reserved 1048576K
}
Event: 145.896 GC heap before
{Heap before GC invocations=128 (full 0):
 garbage-first heap   total 1937408K, used 1690802K [0x0000000600000000, 0x0000000800000000)
  region size 4096K, 283 young (1159168K), 14 survivors (57344K)
 Metaspace       used 291004K, committed 294464K, reserved 1310720K
  class space    used 36922K, committed 38592K, reserved 1048576K
}
Event: 145.925 GC heap after
{Heap after GC invocations=129 (full 0):
 garbage-first heap   total 1937408K, used 588978K [0x0000000600000000, 0x0000000800000000)
  region size 4096K, 14 young (57344K), 14 survivors (57344K)
 Metaspace       used 291004K, committed 294464K, reserved 1310720K
  class space    used 36922K, committed 38592K, reserved 1048576K
}
Event: 147.341 GC heap before
{Heap before GC invocations=129 (full 0):
 garbage-first heap   total 1937408K, used 1686706K [0x0000000600000000, 0x0000000800000000)
  region size 4096K, 283 young (1159168K), 14 survivors (57344K)
 Metaspace       used 291011K, committed 294464K, reserved 1310720K
  class space    used 36922K, committed 38592K, reserved 1048576K
}
Event: 147.376 GC heap after
{Heap after GC invocations=130 (full 0):
 garbage-first heap   total 1937408K, used 593074K [0x0000000600000000, 0x0000000800000000)
  region size 4096K, 15 young (61440K), 15 survivors (61440K)
 Metaspace       used 291011K, committed 294464K, reserved 1310720K
  class space    used 36922K, committed 38592K, reserved 1048576K
}
Event: 150.138 GC heap before
{Heap before GC invocations=130 (full 0):
 garbage-first heap   total 1937408K, used 1686706K [0x0000000600000000, 0x0000000800000000)
  region size 4096K, 283 young (1159168K), 15 survivors (61440K)
 Metaspace       used 291316K, committed 294784K, reserved 1310720K
  class space    used 36964K, committed 38656K, reserved 1048576K
}
Event: 150.182 GC heap after
{Heap after GC invocations=131 (full 0):
 garbage-first heap   total 1937408K, used 607410K [0x0000000600000000, 0x0000000800000000)
  region size 4096K, 19 young (77824K), 19 survivors (77824K)
 Metaspace       used 291316K, committed 294784K, reserved 1310720K
  class space    used 36964K, committed 38656K, reserved 1048576K
}
Event: 154.229 GC heap before
{Heap before GC invocations=131 (full 0):
 garbage-first heap   total 1937408K, used 1688754K [0x0000000600000000, 0x0000000800000000)
  region size 4096K, 283 young (1159168K), 19 survivors (77824K)
 Metaspace       used 293846K, committed 297280K, reserved 1310720K
  class space    used 37306K, committed 38976K, reserved 1048576K
}
Event: 154.326 GC heap after
{Heap after GC invocations=132 (full 0):
 garbage-first heap   total 1937408K, used 612889K [0x0000000600000000, 0x0000000800000000)
  region size 4096K, 20 young (81920K), 20 survivors (81920K)
 Metaspace       used 293846K, committed 297280K, reserved 1310720K
  class space    used 37306K, committed 38976K, reserved 1048576K
}
Event: 156.990 GC heap before
{Heap before GC invocations=132 (full 0):
 garbage-first heap   total 1937408K, used 1690137K [0x0000000600000000, 0x0000000800000000)
  region size 4096K, 283 young (1159168K), 20 survivors (81920K)
 Metaspace       used 296071K, committed 299520K, reserved 1310720K
  class space    used 37555K, committed 39232K, reserved 1048576K
}
Event: 157.054 GC heap after
{Heap after GC invocations=133 (full 0):
 garbage-first heap   total 1937408K, used 617152K [0x0000000600000000, 0x0000000800000000)
  region size 4096K, 20 young (81920K), 20 survivors (81920K)
 Metaspace       used 296071K, committed 299520K, reserved 1310720K
  class space    used 37555K, committed 39232K, reserved 1048576K
}
Event: 158.366 GC heap before
{Heap before GC invocations=133 (full 0):
 garbage-first heap   total 1937408K, used 1694400K [0x0000000600000000, 0x0000000800000000)
  region size 4096K, 283 young (1159168K), 20 survivors (81920K)
 Metaspace       used 296276K, committed 299712K, reserved 1310720K
  class space    used 37566K, committed 39232K, reserved 1048576K
}
Event: 158.426 GC heap after
{Heap after GC invocations=134 (full 0):
 garbage-first heap   total 1937408K, used 618773K [0x0000000600000000, 0x0000000800000000)
  region size 4096K, 20 young (81920K), 20 survivors (81920K)
 Metaspace       used 296276K, committed 299712K, reserved 1310720K
  class space    used 37566K, committed 39232K, reserved 1048576K
}
Event: 159.776 GC heap before
{Heap before GC invocations=134 (full 0):
 garbage-first heap   total 1937408K, used 1696021K [0x0000000600000000, 0x0000000800000000)
  region size 4096K, 283 young (1159168K), 20 survivors (81920K)
 Metaspace       used 296311K, committed 299776K, reserved 1310720K
  class space    used 37566K, committed 39232K, reserved 1048576K
}

