# JRE version: OpenJDK Runtime Environment (21.0.5) (build 21.0.5+-13047016-b750.29)
# Java VM: OpenJDK 64-Bit Server VM (21.0.5+-13047016-b750.29, mixed mode, tiered, compressed oops, compressed class ptrs, g1 gc, windows-amd64)
GC Precious Log:
 CardTable entry size: 512
 Card Set container configuration: InlinePtr #cards 4 size 8 Array Of Cards #cards 32 size 80 Howl #buckets 8 coarsen threshold 7372 Howl Bitmap #cards 1024 size 144 coarsen threshold 921 Card regions per heap region 1 cards per card region 8192
 CPUs: 4 total, 4 available
 Memory: 4095M
 Large Page Support: Disabled
 NUMA Support: Disabled
 Compressed Oops: Enabled (Zero based)
 Heap Region Size: 4M
 Heap Min Capacity: 8M
 Heap Initial Capacity: 64M
 Heap Max Capacity: 8G
 Pre-touch: Disabled
 Parallel Workers: 4
 Concurrent Workers: 1
 Concurrent Refinement Workers: 4
 Periodic GC: Disabled
Heap:
 garbage-first heap   total 921600K, used 348426K [0x0000000600000000, 0x0000000800000000)
  region size 4096K, 3 young (12288K), 3 survivors (12288K)
 Metaspace       used 145562K, committed 148480K, reserved 1179648K
  class space    used 19378K, committed 20800K, reserved 1048576K
GC Heap History (20 events):
Event: 156.681 GC heap after
{Heap after GC invocations=77 (full 0):
 garbage-first heap   total 512000K, used 298828K [0x0000000600000000, 0x0000000800000000)
  region size 4096K, 5 young (20480K), 5 survivors (20480K)
 Metaspace       used 144185K, committed 147008K, reserved 1179648K
  class space    used 19341K, committed 20736K, reserved 1048576K
}
Event: 158.136 GC heap before
{Heap before GC invocations=77 (full 0):
 garbage-first heap   total 512000K, used 323404K [0x0000000600000000, 0x0000000800000000)
  region size 4096K, 11 young (45056K), 5 survivors (20480K)
 Metaspace       used 144262K, committed 147072K, reserved 1179648K
  class space    used 19343K, committed 20736K, reserved 1048576K
}
Event: 158.217 GC heap after
{Heap after GC invocations=78 (full 0):
 garbage-first heap   total 512000K, used 303288K [0x0000000600000000, 0x0000000800000000)
  region size 4096K, 2 young (8192K), 2 survivors (8192K)
 Metaspace       used 144262K, committed 147072K, reserved 1179648K
  class space    used 19343K, committed 20736K, reserved 1048576K
}
Event: 166.516 GC heap before
{Heap before GC invocations=79 (full 0):
 garbage-first heap   total 512000K, used 438456K [0x0000000600000000, 0x0000000800000000)
  region size 4096K, 37 young (151552K), 2 survivors (8192K)
 Metaspace       used 144558K, committed 147392K, reserved 1179648K
  class space    used 19348K, committed 20736K, reserved 1048576K
}
Event: 167.046 GC heap after
{Heap after GC invocations=80 (full 0):
 garbage-first heap   total 512000K, used 321760K [0x0000000600000000, 0x0000000800000000)
  region size 4096K, 5 young (20480K), 5 survivors (20480K)
 Metaspace       used 144558K, committed 147392K, reserved 1179648K
  class space    used 19348K, committed 20736K, reserved 1048576K
}
Event: 433.933 GC heap before
{Heap before GC invocations=80 (full 0):
 garbage-first heap   total 512000K, used 461024K [0x0000000600000000, 0x0000000800000000)
  region size 4096K, 39 young (159744K), 5 survivors (20480K)
 Metaspace       used 144897K, committed 147712K, reserved 1179648K
  class space    used 19355K, committed 20736K, reserved 1048576K
}
Event: 434.265 GC heap after
{Heap after GC invocations=81 (full 0):
 garbage-first heap   total 512000K, used 320072K [0x0000000600000000, 0x0000000800000000)
  region size 4096K, 3 young (12288K), 3 survivors (12288K)
 Metaspace       used 144897K, committed 147712K, reserved 1179648K
  class space    used 19355K, committed 20736K, reserved 1048576K
}
Event: 436.137 GC heap before
{Heap before GC invocations=81 (full 0):
 garbage-first heap   total 512000K, used 406088K [0x0000000600000000, 0x0000000800000000)
  region size 4096K, 24 young (98304K), 3 survivors (12288K)
 Metaspace       used 144969K, committed 147840K, reserved 1179648K
  class space    used 19356K, committed 20736K, reserved 1048576K
}
Event: 436.301 GC heap after
{Heap after GC invocations=82 (full 0):
 garbage-first heap   total 512000K, used 318109K [0x0000000600000000, 0x0000000800000000)
  region size 4096K, 2 young (8192K), 2 survivors (8192K)
 Metaspace       used 144969K, committed 147840K, reserved 1179648K
  class space    used 19356K, committed 20736K, reserved 1048576K
}
Event: 437.470 GC heap before
{Heap before GC invocations=82 (full 0):
 garbage-first heap   total 512000K, used 391837K [0x0000000600000000, 0x0000000800000000)
  region size 4096K, 20 young (81920K), 2 survivors (8192K)
 Metaspace       used 145065K, committed 147904K, reserved 1179648K
  class space    used 19357K, committed 20736K, reserved 1048576K
}
Event: 437.556 GC heap after
{Heap after GC invocations=83 (full 0):
 garbage-first heap   total 921600K, used 321546K [0x0000000600000000, 0x0000000800000000)
  region size 4096K, 3 young (12288K), 3 survivors (12288K)
 Metaspace       used 145065K, committed 147904K, reserved 1179648K
  class space    used 19357K, committed 20736K, reserved 1048576K
}
Event: 439.713 GC heap before
{Heap before GC invocations=83 (full 0):
 garbage-first heap   total 921600K, used 428042K [0x0000000600000000, 0x0000000800000000)
  region size 4096K, 29 young (118784K), 3 survivors (12288K)
 Metaspace       used 145270K, committed 148160K, reserved 1179648K
  class space    used 19368K, committed 20800K, reserved 1048576K
}
Event: 439.925 GC heap after
{Heap after GC invocations=84 (full 0):
 garbage-first heap   total 921600K, used 335872K [0x0000000600000000, 0x0000000800000000)
  region size 4096K, 4 young (16384K), 4 survivors (16384K)
 Metaspace       used 145270K, committed 148160K, reserved 1179648K
  class space    used 19368K, committed 20800K, reserved 1048576K
}
Event: 440.656 GC heap before
{Heap before GC invocations=84 (full 0):
 garbage-first heap   total 921600K, used 364544K [0x0000000600000000, 0x0000000800000000)
  region size 4096K, 11 young (45056K), 4 survivors (16384K)
 Metaspace       used 145286K, committed 148160K, reserved 1179648K
  class space    used 19368K, committed 20800K, reserved 1048576K
}
Event: 440.763 GC heap after
{Heap after GC invocations=85 (full 0):
 garbage-first heap   total 921600K, used 336172K [0x0000000600000000, 0x0000000800000000)
  region size 4096K, 1 young (4096K), 1 survivors (4096K)
 Metaspace       used 145286K, committed 148160K, reserved 1179648K
  class space    used 19368K, committed 20800K, reserved 1048576K
}
Event: 570.842 GC heap before
{Heap before GC invocations=85 (full 0):
 garbage-first heap   total 921600K, used 454956K [0x0000000600000000, 0x0000000800000000)
  region size 4096K, 30 young (122880K), 1 survivors (4096K)
 Metaspace       used 145405K, committed 148288K, reserved 1179648K
  class space    used 19370K, committed 20800K, reserved 1048576K
}
Event: 571.193 GC heap after
{Heap after GC invocations=86 (full 0):
 garbage-first heap   total 921600K, used 339245K [0x0000000600000000, 0x0000000800000000)
  region size 4096K, 3 young (12288K), 3 survivors (12288K)
 Metaspace       used 145405K, committed 148288K, reserved 1179648K
  class space    used 19370K, committed 20800K, reserved 1048576K
}
Event: 571.725 GC heap before
{Heap before GC invocations=86 (full 0):
 garbage-first heap   total 921600K, used 372013K [0x0000000600000000, 0x0000000800000000)
  region size 4096K, 11 young (45056K), 3 survivors (12288K)
 Metaspace       used 145420K, committed 148288K, reserved 1179648K
  class space    used 19370K, committed 20800K, reserved 1048576K
}
Event: 571.880 GC heap after
{Heap after GC invocations=87 (full 0):
 garbage-first heap   total 921600K, used 340396K [0x0000000600000000, 0x0000000800000000)
  region size 4096K, 1 young (4096K), 1 survivors (4096K)
 Metaspace       used 145420K, committed 148288K, reserved 1179648K
  class space    used 19370K, committed 20800K, reserved 1048576K
}
Event: 573.926 GC heap before
{Heap before GC invocations=87 (full 0):
 garbage-first heap   total 921600K, used 438700K [0x0000000600000000, 0x0000000800000000)
  region size 4096K, 25 young (102400K), 1 survivors (4096K)
 Metaspace       used 145562K, committed 148480K, reserved 1179648K
  class space    used 19378K, committed 20800K, reserved 1048576K
}

