# JRE version: OpenJDK Runtime Environment (21.0.5) (build 21.0.5+-13047016-b750.29)
# Java VM: OpenJDK 64-Bit Server VM (21.0.5+-13047016-b750.29, mixed mode, tiered, compressed oops, compressed class ptrs, g1 gc, windows-amd64)
GC Precious Log:
 CardTable entry size: 512
 Card Set container configuration: InlinePtr #cards 4 size 8 Array Of Cards #cards 32 size 80 Howl #buckets 8 coarsen threshold 7372 Howl Bitmap #cards 1024 size 144 coarsen threshold 921 Card regions per heap region 1 cards per card region 8192
 CPUs: 4 total, 4 available
 Memory: 4095M
 Large Page Support: Disabled
 NUMA Support: Disabled
 Compressed Oops: Enabled (Zero based)
 Heap Region Size: 4M
 Heap Min Capacity: 8M
 Heap Initial Capacity: 64M
 Heap Max Capacity: 8G
 Pre-touch: Disabled
 Parallel Workers: 4
 Concurrent Workers: 1
 Concurrent Refinement Workers: 4
 Periodic GC: Disabled
Heap:
 garbage-first heap   total 1339392K, used 763193K [0x0000000600000000, 0x0000000800000000)
  region size 4096K, 6 young (24576K), 6 survivors (24576K)
 Metaspace       used 279222K, committed 282560K, reserved 1310720K
  class space    used 35524K, committed 37184K, reserved 1048576K
GC Heap History (20 events):
Event: 69.361 GC heap after
{Heap after GC invocations=87 (full 0):
 garbage-first heap   total 1036288K, used 647168K [0x0000000600000000, 0x0000000800000000)
  region size 4096K, 8 young (32768K), 8 survivors (32768K)
 Metaspace       used 256033K, committed 259456K, reserved 1310720K
  class space    used 32413K, committed 34112K, reserved 1048576K
}
Event: 69.628 GC heap before
{Heap before GC invocations=87 (full 0):
 garbage-first heap   total 1036288K, used 679936K [0x0000000600000000, 0x0000000800000000)
  region size 4096K, 18 young (73728K), 8 survivors (32768K)
 Metaspace       used 257057K, committed 260544K, reserved 1310720K
  class space    used 32544K, committed 34240K, reserved 1048576K
}
Event: 69.654 GC heap after
{Heap after GC invocations=88 (full 0):
 garbage-first heap   total 1339392K, used 667648K [0x0000000600000000, 0x0000000800000000)
  region size 4096K, 5 young (20480K), 5 survivors (20480K)
 Metaspace       used 257057K, committed 260544K, reserved 1310720K
  class space    used 32544K, committed 34240K, reserved 1048576K
}
Event: 74.336 GC heap before
{Heap before GC invocations=88 (full 0):
 garbage-first heap   total 1339392K, used 1110016K [0x0000000600000000, 0x0000000800000000)
  region size 4096K, 109 young (446464K), 5 survivors (20480K)
 Metaspace       used 265801K, committed 269248K, reserved 1310720K
  class space    used 33446K, committed 35136K, reserved 1048576K
}
Event: 74.373 GC heap after
{Heap after GC invocations=89 (full 0):
 garbage-first heap   total 1339392K, used 702437K [0x0000000600000000, 0x0000000800000000)
  region size 4096K, 12 young (49152K), 12 survivors (49152K)
 Metaspace       used 265801K, committed 269248K, reserved 1310720K
  class space    used 33446K, committed 35136K, reserved 1048576K
}
Event: 77.933 GC heap before
{Heap before GC invocations=89 (full 0):
 garbage-first heap   total 1339392K, used 1124325K [0x0000000600000000, 0x0000000800000000)
  region size 4096K, 116 young (475136K), 12 survivors (49152K)
 Metaspace       used 270714K, committed 274112K, reserved 1310720K
  class space    used 34254K, committed 35904K, reserved 1048576K
}
Event: 77.981 GC heap after
{Heap after GC invocations=90 (full 0):
 garbage-first heap   total 1339392K, used 737918K [0x0000000600000000, 0x0000000800000000)
  region size 4096K, 11 young (45056K), 11 survivors (45056K)
 Metaspace       used 270714K, committed 274112K, reserved 1310720K
  class space    used 34254K, committed 35904K, reserved 1048576K
}
Event: 80.928 GC heap before
{Heap before GC invocations=90 (full 0):
 garbage-first heap   total 1339392K, used 1155710K [0x0000000600000000, 0x0000000800000000)
  region size 4096K, 113 young (462848K), 11 survivors (45056K)
 Metaspace       used 274235K, committed 277696K, reserved 1310720K
  class space    used 34812K, committed 36480K, reserved 1048576K
}
Event: 80.983 GC heap after
{Heap after GC invocations=91 (full 0):
 garbage-first heap   total 1339392K, used 777690K [0x0000000600000000, 0x0000000800000000)
  region size 4096K, 11 young (45056K), 11 survivors (45056K)
 Metaspace       used 274235K, committed 277696K, reserved 1310720K
  class space    used 34812K, committed 36480K, reserved 1048576K
}
Event: 84.000 GC heap before
{Heap before GC invocations=91 (full 0):
 garbage-first heap   total 1339392K, used 1175002K [0x0000000600000000, 0x0000000800000000)
  region size 4096K, 108 young (442368K), 11 survivors (45056K)
 Metaspace       used 274462K, committed 277888K, reserved 1310720K
  class space    used 34824K, committed 36480K, reserved 1048576K
}
Event: 84.058 GC heap after
{Heap after GC invocations=92 (full 0):
 garbage-first heap   total 1339392K, used 810531K [0x0000000600000000, 0x0000000800000000)
  region size 4096K, 9 young (36864K), 9 survivors (36864K)
 Metaspace       used 274462K, committed 277888K, reserved 1310720K
  class space    used 34824K, committed 36480K, reserved 1048576K
}
Event: 87.785 GC heap before
{Heap before GC invocations=93 (full 0):
 garbage-first heap   total 1339392K, used 1195555K [0x0000000600000000, 0x0000000800000000)
  region size 4096K, 104 young (425984K), 9 survivors (36864K)
 Metaspace       used 276926K, committed 280320K, reserved 1310720K
  class space    used 35205K, committed 36864K, reserved 1048576K
}
Event: 87.834 GC heap after
{Heap after GC invocations=94 (full 0):
 garbage-first heap   total 1339392K, used 823296K [0x0000000600000000, 0x0000000800000000)
  region size 4096K, 6 young (24576K), 6 survivors (24576K)
 Metaspace       used 276926K, committed 280320K, reserved 1310720K
  class space    used 35205K, committed 36864K, reserved 1048576K
}
Event: 88.753 GC heap before
{Heap before GC invocations=94 (full 0):
 garbage-first heap   total 1339392K, used 1208320K [0x0000000600000000, 0x0000000800000000)
  region size 4096K, 101 young (413696K), 6 survivors (24576K)
 Metaspace       used 278251K, committed 281600K, reserved 1310720K
  class space    used 35397K, committed 37056K, reserved 1048576K
}
Event: 88.809 GC heap after
{Heap after GC invocations=95 (full 0):
 garbage-first heap   total 1339392K, used 747520K [0x0000000600000000, 0x0000000800000000)
  region size 4096K, 7 young (28672K), 7 survivors (28672K)
 Metaspace       used 278251K, committed 281600K, reserved 1310720K
  class space    used 35397K, committed 37056K, reserved 1048576K
}
Event: 89.442 GC heap before
{Heap before GC invocations=95 (full 0):
 garbage-first heap   total 1339392K, used 1214464K [0x0000000600000000, 0x0000000800000000)
  region size 4096K, 121 young (495616K), 7 survivors (28672K)
 Metaspace       used 278285K, committed 281664K, reserved 1310720K
  class space    used 35397K, committed 37056K, reserved 1048576K
}
Event: 89.468 GC heap after
{Heap after GC invocations=96 (full 0):
 garbage-first heap   total 1339392K, used 750855K [0x0000000600000000, 0x0000000800000000)
  region size 4096K, 8 young (32768K), 8 survivors (32768K)
 Metaspace       used 278285K, committed 281664K, reserved 1310720K
  class space    used 35397K, committed 37056K, reserved 1048576K
}
Event: 90.098 GC heap before
{Heap before GC invocations=96 (full 0):
 garbage-first heap   total 1339392K, used 1234183K [0x0000000600000000, 0x0000000800000000)
  region size 4096K, 126 young (516096K), 8 survivors (32768K)
 Metaspace       used 278298K, committed 281664K, reserved 1310720K
  class space    used 35397K, committed 37056K, reserved 1048576K
}
Event: 90.128 GC heap after
{Heap after GC invocations=97 (full 0):
 garbage-first heap   total 1339392K, used 755712K [0x0000000600000000, 0x0000000800000000)
  region size 4096K, 9 young (36864K), 9 survivors (36864K)
 Metaspace       used 278298K, committed 281664K, reserved 1310720K
  class space    used 35397K, committed 37056K, reserved 1048576K
}
Event: 91.478 GC heap before
{Heap before GC invocations=97 (full 0):
 garbage-first heap   total 1339392K, used 1230848K [0x0000000600000000, 0x0000000800000000)
  region size 4096K, 125 young (512000K), 9 survivors (36864K)
 Metaspace       used 279222K, committed 282560K, reserved 1310720K
  class space    used 35524K, committed 37184K, reserved 1048576K
}

