# JRE version: OpenJDK Runtime Environment (21.0.5) (build 21.0.5+-13047016-b750.29)
# Java VM: OpenJDK 64-Bit Server VM (21.0.5+-13047016-b750.29, mixed mode, tiered, compressed oops, compressed class ptrs, g1 gc, windows-amd64)
GC Precious Log:
 CardTable entry size: 512
 Card Set container configuration: InlinePtr #cards 4 size 8 Array Of Cards #cards 32 size 80 Howl #buckets 8 coarsen threshold 7372 Howl Bitmap #cards 1024 size 144 coarsen threshold 921 Card regions per heap region 1 cards per card region 8192
 CPUs: 4 total, 4 available
 Memory: 4095M
 Large Page Support: Disabled
 NUMA Support: Disabled
 Compressed Oops: Enabled (Zero based)
 Heap Region Size: 4M
 Heap Min Capacity: 8M
 Heap Initial Capacity: 64M
 Heap Max Capacity: 8G
 Pre-touch: Disabled
 Parallel Workers: 4
 Concurrent Workers: 1
 Concurrent Refinement Workers: 4
 Periodic GC: Disabled
Heap:
 garbage-first heap   total 974848K, used 677188K [0x0000000600000000, 0x0000000800000000)
  region size 4096K, 5 young (20480K), 5 survivors (20480K)
 Metaspace       used 261200K, committed 264768K, reserved 1310720K
  class space    used 33158K, committed 34880K, reserved 1048576K
GC Heap History (20 events):
Event: 58.752 GC heap after
{Heap after GC invocations=73 (full 0):
 garbage-first heap   total 733184K, used 294912K [0x0000000600000000, 0x0000000800000000)
  region size 4096K, 9 young (36864K), 9 survivors (36864K)
 Metaspace       used 185403K, committed 188480K, reserved 1245184K
  class space    used 23577K, committed 25088K, reserved 1048576K
}
Event: 59.468 GC heap before
{Heap before GC invocations=73 (full 0):
 garbage-first heap   total 733184K, used 524288K [0x0000000600000000, 0x0000000800000000)
  region size 4096K, 66 young (270336K), 9 survivors (36864K)
 Metaspace       used 186109K, committed 189184K, reserved 1245184K
  class space    used 23627K, committed 25152K, reserved 1048576K
}
Event: 59.530 GC heap after
{Heap after GC invocations=74 (full 0):
 garbage-first heap   total 733184K, used 328221K [0x0000000600000000, 0x0000000800000000)
  region size 4096K, 9 young (36864K), 9 survivors (36864K)
 Metaspace       used 186109K, committed 189184K, reserved 1245184K
  class space    used 23627K, committed 25152K, reserved 1048576K
}
Event: 61.980 GC heap before
{Heap before GC invocations=74 (full 0):
 garbage-first heap   total 733184K, used 549405K [0x0000000600000000, 0x0000000800000000)
  region size 4096K, 64 young (262144K), 9 survivors (36864K)
 Metaspace       used 203818K, committed 207040K, reserved 1245184K
  class space    used 26089K, committed 27648K, reserved 1048576K
}
Event: 62.021 GC heap after
{Heap after GC invocations=75 (full 0):
 garbage-first heap   total 733184K, used 359676K [0x0000000600000000, 0x0000000800000000)
  region size 4096K, 8 young (32768K), 8 survivors (32768K)
 Metaspace       used 203818K, committed 207040K, reserved 1245184K
  class space    used 26089K, committed 27648K, reserved 1048576K
}
Event: 62.507 GC heap before
{Heap before GC invocations=75 (full 0):
 garbage-first heap   total 733184K, used 634108K [0x0000000600000000, 0x0000000800000000)
  region size 4096K, 76 young (311296K), 8 survivors (32768K)
 Metaspace       used 206629K, committed 209856K, reserved 1245184K
  class space    used 26402K, committed 27968K, reserved 1048576K
}
Event: 62.526 GC heap after
{Heap after GC invocations=76 (full 0):
 garbage-first heap   total 962560K, used 369261K [0x0000000600000000, 0x0000000800000000)
  region size 4096K, 2 young (8192K), 2 survivors (8192K)
 Metaspace       used 206629K, committed 209856K, reserved 1245184K
  class space    used 26402K, committed 27968K, reserved 1048576K
}
Event: 67.332 GC heap before
{Heap before GC invocations=76 (full 0):
 garbage-first heap   total 962560K, used 705133K [0x0000000600000000, 0x0000000800000000)
  region size 4096K, 84 young (344064K), 2 survivors (8192K)
 Metaspace       used 224461K, committed 228160K, reserved 1310720K
  class space    used 28604K, committed 30400K, reserved 1048576K
}
Event: 67.352 GC heap after
{Heap after GC invocations=77 (full 0):
 garbage-first heap   total 962560K, used 387627K [0x0000000600000000, 0x0000000800000000)
  region size 4096K, 7 young (28672K), 7 survivors (28672K)
 Metaspace       used 224461K, committed 228160K, reserved 1310720K
  class space    used 28604K, committed 30400K, reserved 1048576K
}
Event: 70.435 GC heap before
{Heap before GC invocations=77 (full 0):
 garbage-first heap   total 962560K, used 850475K [0x0000000600000000, 0x0000000800000000)
  region size 4096K, 119 young (487424K), 7 survivors (28672K)
 Metaspace       used 240687K, committed 244288K, reserved 1310720K
  class space    used 30540K, committed 32320K, reserved 1048576K
}
Event: 70.477 GC heap after
{Heap after GC invocations=78 (full 0):
 garbage-first heap   total 962560K, used 455919K [0x0000000600000000, 0x0000000800000000)
  region size 4096K, 15 young (61440K), 15 survivors (61440K)
 Metaspace       used 240687K, committed 244288K, reserved 1310720K
  class space    used 30540K, committed 32320K, reserved 1048576K
}
Event: 71.680 GC heap before
{Heap before GC invocations=78 (full 0):
 garbage-first heap   total 962560K, used 840943K [0x0000000600000000, 0x0000000800000000)
  region size 4096K, 103 young (421888K), 15 survivors (61440K)
 Metaspace       used 247944K, committed 251584K, reserved 1310720K
  class space    used 31379K, committed 33152K, reserved 1048576K
}
Event: 71.739 GC heap after
{Heap after GC invocations=79 (full 0):
 garbage-first heap   total 966656K, used 516096K [0x0000000600000000, 0x0000000800000000)
  region size 4096K, 13 young (53248K), 13 survivors (53248K)
 Metaspace       used 247944K, committed 251584K, reserved 1310720K
  class space    used 31379K, committed 33152K, reserved 1048576K
}
Event: 73.581 GC heap before
{Heap before GC invocations=79 (full 0):
 garbage-first heap   total 966656K, used 843776K [0x0000000600000000, 0x0000000800000000)
  region size 4096K, 94 young (385024K), 13 survivors (53248K)
 Metaspace       used 249030K, committed 253824K, reserved 1310720K
  class space    used 31530K, committed 33408K, reserved 1048576K
}
Event: 73.673 GC heap after
{Heap after GC invocations=80 (full 0):
 garbage-first heap   total 974848K, used 589824K [0x0000000600000000, 0x0000000800000000)
  region size 4096K, 12 young (49152K), 12 survivors (49152K)
 Metaspace       used 249030K, committed 253824K, reserved 1310720K
  class space    used 31530K, committed 33408K, reserved 1048576K
}
Event: 75.414 GC heap before
{Heap before GC invocations=81 (full 0):
 garbage-first heap   total 974848K, used 856064K [0x0000000600000000, 0x0000000800000000)
  region size 4096K, 77 young (315392K), 12 survivors (49152K)
 Metaspace       used 249812K, committed 253824K, reserved 1310720K
  class space    used 31577K, committed 33408K, reserved 1048576K
}
Event: 75.497 GC heap after
{Heap after GC invocations=82 (full 0):
 garbage-first heap   total 974848K, used 643072K [0x0000000600000000, 0x0000000800000000)
  region size 4096K, 10 young (40960K), 10 survivors (40960K)
 Metaspace       used 249812K, committed 253824K, reserved 1310720K
  class space    used 31577K, committed 33408K, reserved 1048576K
}
Event: 77.895 GC heap before
{Heap before GC invocations=82 (full 0):
 garbage-first heap   total 974848K, used 864256K [0x0000000600000000, 0x0000000800000000)
  region size 4096K, 64 young (262144K), 10 survivors (40960K)
 Metaspace       used 259533K, committed 263104K, reserved 1310720K
  class space    used 32885K, committed 34624K, reserved 1048576K
}
Event: 77.949 GC heap after
{Heap after GC invocations=83 (full 0):
 garbage-first heap   total 974848K, used 661504K [0x0000000600000000, 0x0000000800000000)
  region size 4096K, 7 young (28672K), 7 survivors (28672K)
 Metaspace       used 259533K, committed 263104K, reserved 1310720K
  class space    used 32885K, committed 34624K, reserved 1048576K
}
Event: 78.764 GC heap before
{Heap before GC invocations=83 (full 0):
 garbage-first heap   total 974848K, used 874496K [0x0000000600000000, 0x0000000800000000)
  region size 4096K, 60 young (245760K), 7 survivors (28672K)
 Metaspace       used 261200K, committed 264768K, reserved 1310720K
  class space    used 33158K, committed 34880K, reserved 1048576K
}

