# JRE version: OpenJDK Runtime Environment (21.0.5) (build 21.0.5+-13047016-b750.29)
# Java VM: OpenJDK 64-Bit Server VM (21.0.5+-13047016-b750.29, mixed mode, tiered, compressed oops, compressed class ptrs, g1 gc, windows-amd64)
GC Precious Log:
 CardTable entry size: 512
 Card Set container configuration: InlinePtr #cards 4 size 8 Array Of Cards #cards 32 size 80 Howl #buckets 8 coarsen threshold 7372 Howl Bitmap #cards 1024 size 144 coarsen threshold 921 Card regions per heap region 1 cards per card region 8192
 CPUs: 4 total, 4 available
 Memory: 4095M
 Large Page Support: Disabled
 NUMA Support: Disabled
 Compressed Oops: Enabled (Zero based)
 Heap Region Size: 4M
 Heap Min Capacity: 8M
 Heap Initial Capacity: 64M
 Heap Max Capacity: 8G
 Pre-touch: Disabled
 Parallel Workers: 4
 Concurrent Workers: 1
 Concurrent Refinement Workers: 4
 Periodic GC: Disabled
Heap:
 garbage-first heap   total 962560K, used 654943K [0x0000000600000000, 0x0000000800000000)
  region size 4096K, 9 young (36864K), 9 survivors (36864K)
 Metaspace       used 253677K, committed 257088K, reserved 1310720K
  class space    used 32283K, committed 33984K, reserved 1048576K
GC Heap History (20 events):
Event: 64.641 GC heap after
{Heap after GC invocations=80 (full 0):
 garbage-first heap   total 802816K, used 343129K [0x0000000600000000, 0x0000000800000000)
  region size 4096K, 3 young (12288K), 3 survivors (12288K)
 Metaspace       used 192998K, committed 196032K, reserved 1245184K
  class space    used 24540K, committed 26048K, reserved 1048576K
}
Event: 68.274 GC heap before
{Heap before GC invocations=81 (full 0):
 garbage-first heap   total 802816K, used 748633K [0x0000000600000000, 0x0000000800000000)
  region size 4096K, 94 young (385024K), 3 survivors (12288K)
 Metaspace       used 213208K, committed 216256K, reserved 1245184K
  class space    used 27101K, committed 28608K, reserved 1048576K
}
Event: 68.294 GC heap after
{Heap after GC invocations=82 (full 0):
 garbage-first heap   total 802816K, used 363507K [0x0000000600000000, 0x0000000800000000)
  region size 4096K, 8 young (32768K), 8 survivors (32768K)
 Metaspace       used 213208K, committed 216256K, reserved 1245184K
  class space    used 27101K, committed 28608K, reserved 1048576K
}
Event: 71.277 GC heap before
{Heap before GC invocations=82 (full 0):
 garbage-first heap   total 802816K, used 715763K [0x0000000600000000, 0x0000000800000000)
  region size 4096K, 95 young (389120K), 8 survivors (32768K)
 Metaspace       used 235554K, committed 239040K, reserved 1310720K
  class space    used 30129K, committed 31872K, reserved 1048576K
}
Event: 71.318 GC heap after
{Heap after GC invocations=83 (full 0):
 garbage-first heap   total 815104K, used 412935K [0x0000000600000000, 0x0000000800000000)
  region size 4096K, 12 young (49152K), 12 survivors (49152K)
 Metaspace       used 235554K, committed 239040K, reserved 1310720K
  class space    used 30129K, committed 31872K, reserved 1048576K
}
Event: 72.588 GC heap before
{Heap before GC invocations=83 (full 0):
 garbage-first heap   total 815104K, used 707847K [0x0000000600000000, 0x0000000800000000)
  region size 4096K, 85 young (348160K), 12 survivors (49152K)
 Metaspace       used 240631K, committed 244096K, reserved 1310720K
  class space    used 30681K, committed 32384K, reserved 1048576K
}
Event: 72.651 GC heap after
{Heap after GC invocations=84 (full 0):
 garbage-first heap   total 815104K, used 456655K [0x0000000600000000, 0x0000000800000000)
  region size 4096K, 10 young (40960K), 10 survivors (40960K)
 Metaspace       used 240631K, committed 244096K, reserved 1310720K
  class space    used 30681K, committed 32384K, reserved 1048576K
}
Event: 73.852 GC heap before
{Heap before GC invocations=85 (full 0):
 garbage-first heap   total 815104K, used 718799K [0x0000000600000000, 0x0000000800000000)
  region size 4096K, 75 young (307200K), 10 survivors (40960K)
 Metaspace       used 242659K, committed 246272K, reserved 1310720K
  class space    used 30892K, committed 32576K, reserved 1048576K
}
Event: 73.938 GC heap after
{Heap after GC invocations=86 (full 0):
 garbage-first heap   total 823296K, used 516096K [0x0000000600000000, 0x0000000800000000)
  region size 4096K, 10 young (40960K), 10 survivors (40960K)
 Metaspace       used 242659K, committed 246272K, reserved 1310720K
  class space    used 30892K, committed 32576K, reserved 1048576K
}
Event: 75.724 GC heap before
{Heap before GC invocations=86 (full 0):
 garbage-first heap   total 823296K, used 729088K [0x0000000600000000, 0x0000000800000000)
  region size 4096K, 63 young (258048K), 10 survivors (40960K)
 Metaspace       used 245723K, committed 249088K, reserved 1310720K
  class space    used 31282K, committed 32896K, reserved 1048576K
}
Event: 75.799 GC heap after
{Heap after GC invocations=87 (full 0):
 garbage-first heap   total 823296K, used 542720K [0x0000000600000000, 0x0000000800000000)
  region size 4096K, 8 young (32768K), 8 survivors (32768K)
 Metaspace       used 245723K, committed 249088K, reserved 1310720K
  class space    used 31282K, committed 32896K, reserved 1048576K
}
Event: 77.465 GC heap before
{Heap before GC invocations=87 (full 0):
 garbage-first heap   total 823296K, used 735232K [0x0000000600000000, 0x0000000800000000)
  region size 4096K, 55 young (225280K), 8 survivors (32768K)
 Metaspace       used 248099K, committed 251520K, reserved 1310720K
  class space    used 31597K, committed 33280K, reserved 1048576K
}
Event: 77.518 GC heap after
{Heap after GC invocations=88 (full 0):
 garbage-first heap   total 823296K, used 575488K [0x0000000600000000, 0x0000000800000000)
  region size 4096K, 7 young (28672K), 7 survivors (28672K)
 Metaspace       used 248099K, committed 251520K, reserved 1310720K
  class space    used 31597K, committed 33280K, reserved 1048576K
}
Event: 79.408 GC heap before
{Heap before GC invocations=89 (full 0):
 garbage-first heap   total 962560K, used 739328K [0x0000000600000000, 0x0000000800000000)
  region size 4096K, 47 young (192512K), 7 survivors (28672K)
 Metaspace       used 248852K, committed 252352K, reserved 1310720K
  class space    used 31676K, committed 33408K, reserved 1048576K
}
Event: 79.457 GC heap after
{Heap after GC invocations=90 (full 0):
 garbage-first heap   total 962560K, used 590425K [0x0000000600000000, 0x0000000800000000)
  region size 4096K, 4 young (16384K), 4 survivors (16384K)
 Metaspace       used 248852K, committed 252352K, reserved 1310720K
  class space    used 31676K, committed 33408K, reserved 1048576K
}
Event: 80.803 GC heap before
{Heap before GC invocations=90 (full 0):
 garbage-first heap   total 962560K, used 844377K [0x0000000600000000, 0x0000000800000000)
  region size 4096K, 67 young (274432K), 4 survivors (16384K)
 Metaspace       used 249167K, committed 252608K, reserved 1310720K
  class space    used 31716K, committed 33408K, reserved 1048576K
}
Event: 80.824 GC heap after
{Heap after GC invocations=91 (full 0):
 garbage-first heap   total 962560K, used 593891K [0x0000000600000000, 0x0000000800000000)
  region size 4096K, 6 young (24576K), 6 survivors (24576K)
 Metaspace       used 249167K, committed 252608K, reserved 1310720K
  class space    used 31716K, committed 33408K, reserved 1048576K
}
Event: 81.901 GC heap before
{Heap before GC invocations=91 (full 0):
 garbage-first heap   total 962560K, used 860131K [0x0000000600000000, 0x0000000800000000)
  region size 4096K, 71 young (290816K), 6 survivors (24576K)
 Metaspace       used 251476K, committed 254912K, reserved 1310720K
  class space    used 31951K, committed 33664K, reserved 1048576K
}
Event: 81.925 GC heap after
{Heap after GC invocations=92 (full 0):
 garbage-first heap   total 962560K, used 619084K [0x0000000600000000, 0x0000000800000000)
  region size 4096K, 9 young (36864K), 9 survivors (36864K)
 Metaspace       used 251476K, committed 254912K, reserved 1310720K
  class space    used 31951K, committed 33664K, reserved 1048576K
}
Event: 82.653 GC heap before
{Heap before GC invocations=92 (full 0):
 garbage-first heap   total 962560K, used 750156K [0x0000000600000000, 0x0000000800000000)
  region size 4096K, 43 young (176128K), 9 survivors (36864K)
 Metaspace       used 253677K, committed 257088K, reserved 1310720K
  class space    used 32283K, committed 33984K, reserved 1048576K
}

